<?xml version="1.0" encoding="UTF-8"?>
<!-- Generated by org.testng.reporters.JUnitReportReporter -->
<testsuite hostname="IN-J37D3H2" failures="0" tests="1" name="pom.inetbaking.testcases.TC_Login_001" time="2.394" errors="0" timestamp="2021-05-05T12:55:39 IST" skipped="0">
  <testcase classname="pom.inetbaking.testcases.TC_Login_001" name="LoginTest001" time="2.394"/>
  <system-out/>
</testsuite> <!-- pom.inetbaking.testcases.TC_Login_001 -->
