<?xml version="1.0" encoding="UTF-8"?>
<!-- Generated by org.testng.reporters.JUnitReportReporter -->
<testsuite hostname="IN-J37D3H2" failures="0" tests="1" name="pom.inetbaking.testcases.TC_UploadFile_003" time="3.427" errors="0" timestamp="2021-05-05T12:55:39 IST" skipped="0">
  <testcase classname="pom.inetbaking.testcases.TC_UploadFile_003" name="uploadfile" time="3.427"/>
  <system-out/>
</testsuite> <!-- pom.inetbaking.testcases.TC_UploadFile_003 -->
