<?xml version="1.0" encoding="UTF-8"?>
<!-- Generated by org.testng.reporters.JUnitReportReporter -->
<testsuite hostname="IN-J37D3H2" failures="0" tests="1" name="pom.inetbaking.testcases.TC_CreateCustomer_002" time="10.814" errors="0" timestamp="2021-05-05T20:52:26 IST" skipped="0">
  <testcase classname="pom.inetbaking.testcases.TC_CreateCustomer_002" name="Custlogin" time="10.814"/>
  <system-out/>
</testsuite> <!-- pom.inetbaking.testcases.TC_CreateCustomer_002 -->
