<?xml version="1.0" encoding="UTF-8"?>
<!-- Generated by org.testng.reporters.JUnitReportReporter -->
<testsuite hostname="IN-J37D3H2" failures="0" tests="1" name="pom.inetbaking.testcases.TestCaseforDDT" time="0.000" errors="0" timestamp="2021-04-25T20:40:11 IST" skipped="1">
  <testcase classname="pom.inetbaking.testcases.TestCaseforDDT" name="DDT" time="0.000">
    <skipped/>
  </testcase> <!-- DDT -->
  <system-out/>
</testsuite> <!-- pom.inetbaking.testcases.TestCaseforDDT -->
