<?xml version="1.0" encoding="UTF-8"?>
<!-- Generated by org.testng.reporters.JUnitReportReporter -->
<testsuite skipped="0" hostname="IN-J37D3H2" name="pom.inetbaking.testcases.TC_Login_001" tests="1" failures="0" timestamp="2021-04-25T18:15:15 IST" time="2.846" errors="0">
  <testcase name="LoginTest001" time="2.846" classname="pom.inetbaking.testcases.TC_Login_001"/>
  <system-out/>
</testsuite> <!-- pom.inetbaking.testcases.TC_Login_001 -->
